{"C:\\Users\\Roman\\work\\angular\\projects\\puffi\\src\\app\\app.component.html": {"path":"C:\\Users\\Roman\\work\\angular\\projects\\puffi\\src\\app\\app.component.html","statementMap":{"0":{"start":{"line":1,"column":0},"end":{"line":1,"column":21778}}},"fnMap":{},"branchMap":{},"s":{"0":1},"f":{},"b":{},"inputSourceMap":null,"_coverageSchema":"1a1c01bbd47fc00a2c39e90264f33305004495a9","hash":"05bb8dc9cd2436679a3ac9f721539fe8c03e4773"}
,"C:\\Users\\Roman\\work\\angular\\projects\\puffi\\src\\app\\app.component.ts": {"path":"C:\\Users\\Roman\\work\\angular\\projects\\puffi\\src\\app\\app.component.ts","statementMap":{"0":{"start":{"line":1,"column":0},"end":{"line":1,"column":120}},"1":{"start":{"line":2,"column":0},"end":{"line":2,"column":9}},"2":{"start":{"line":3,"column":0},"end":{"line":3,"column":9}},"3":{"start":{"line":4,"column":0},"end":{"line":4,"column":9}},"4":{"start":{"line":7,"column":0},"end":{"line":7,"column":36}},"5":{"start":{"line":8,"column":0},"end":{"line":8,"column":9}},"6":{"start":{"line":19,"column":25},"end":{"line":154,"column":null}},"7":{"start":{"line":42,"column":22},"end":{"line":42,"column":37}},"8":{"start":{"line":42,"column":47},"end":{"line":42,"column":71}},"9":{"start":{"line":42,"column":81},"end":{"line":42,"column":95}},"10":{"start":{"line":43,"column":21},"end":{"line":43,"column":38}},"11":{"start":{"line":21,"column":2},"end":{"line":21,"column":28}},"12":{"start":{"line":22,"column":2},"end":{"line":22,"column":23}},"13":{"start":{"line":23,"column":2},"end":{"line":23,"column":42}},"14":{"start":{"line":24,"column":2},"end":{"line":24,"column":18}},"15":{"start":{"line":25,"column":2},"end":{"line":25,"column":29}},"16":{"start":{"line":26,"column":2},"end":{"line":26,"column":85}},"17":{"start":{"line":26,"column":56},"end":{"line":26,"column":83}},"18":{"start":{"line":27,"column":2},"end":{"line":27,"column":24}},"19":{"start":{"line":28,"column":2},"end":{"line":28,"column":38}},"20":{"start":{"line":29,"column":2},"end":{"line":29,"column":19}},"21":{"start":{"line":30,"column":2},"end":{"line":30,"column":87}},"22":{"start":{"line":30,"column":39},"end":{"line":30,"column":76}},"23":{"start":{"line":32,"column":2},"end":{"line":32,"column":19}},"24":{"start":{"line":33,"column":2},"end":{"line":33,"column":17}},"25":{"start":{"line":35,"column":2},"end":{"line":35,"column":20}},"26":{"start":{"line":36,"column":2},"end":{"line":36,"column":27}},"27":{"start":{"line":38,"column":2},"end":{"line":38,"column":18}},"28":{"start":{"line":40,"column":10},"end":{"line":40,"column":36}},"29":{"start":{"line":47,"column":4},"end":{"line":47,"column":77}},"30":{"start":{"line":48,"column":4},"end":{"line":52,"column":7}},"31":{"start":{"line":53,"column":17},"end":{"line":53,"column":52}},"32":{"start":{"line":54,"column":4},"end":{"line":59,"column":null}},"33":{"start":{"line":56,"column":20},"end":{"line":56,"column":41}},"34":{"start":{"line":57,"column":6},"end":{"line":57,"column":41}},"35":{"start":{"line":58,"column":6},"end":{"line":58,"column":82}},"36":{"start":{"line":58,"column":55},"end":{"line":58,"column":80}},"37":{"start":{"line":60,"column":4},"end":{"line":60,"column":77}},"38":{"start":{"line":65,"column":4},"end":{"line":67,"column":null}},"39":{"start":{"line":66,"column":6},"end":{"line":66,"column":121}},"40":{"start":{"line":68,"column":4},"end":{"line":68,"column":39}},"41":{"start":{"line":69,"column":4},"end":{"line":69,"column":27}},"42":{"start":{"line":73,"column":4},"end":{"line":73,"column":61}},"43":{"start":{"line":74,"column":4},"end":{"line":77,"column":null}},"44":{"start":{"line":75,"column":6},"end":{"line":76,"column":89}},"45":{"start":{"line":78,"column":21},"end":{"line":78,"column":44}},"46":{"start":{"line":79,"column":4},"end":{"line":79,"column":97}},"47":{"start":{"line":79,"column":53},"end":{"line":79,"column":95}},"48":{"start":{"line":80,"column":4},"end":{"line":80,"column":99}},"49":{"start":{"line":80,"column":61},"end":{"line":80,"column":89}},"50":{"start":{"line":81,"column":4},"end":{"line":81,"column":68}},"51":{"start":{"line":82,"column":4},"end":{"line":82,"column":47}},"52":{"start":{"line":83,"column":4},"end":{"line":87,"column":null}},"53":{"start":{"line":84,"column":6},"end":{"line":84,"column":27}},"54":{"start":{"line":86,"column":6},"end":{"line":86,"column":27}},"55":{"start":{"line":88,"column":4},"end":{"line":88,"column":27}},"56":{"start":{"line":92,"column":4},"end":{"line":92,"column":97}},"57":{"start":{"line":93,"column":4},"end":{"line":93,"column":30}},"58":{"start":{"line":94,"column":4},"end":{"line":94,"column":81}},"59":{"start":{"line":94,"column":47},"end":{"line":94,"column":76}},"60":{"start":{"line":95,"column":4},"end":{"line":95,"column":26}},"61":{"start":{"line":96,"column":4},"end":{"line":96,"column":24}},"62":{"start":{"line":97,"column":4},"end":{"line":97,"column":27}},"63":{"start":{"line":98,"column":4},"end":{"line":103,"column":null}},"64":{"start":{"line":99,"column":6},"end":{"line":99,"column":111}},"65":{"start":{"line":99,"column":64},"end":{"line":99,"column":102}},"66":{"start":{"line":101,"column":6},"end":{"line":102,"column":57}},"67":{"start":{"line":101,"column":36},"end":{"line":101,"column":62}},"68":{"start":{"line":102,"column":22},"end":{"line":102,"column":48}},"69":{"start":{"line":107,"column":4},"end":{"line":107,"column":67}},"70":{"start":{"line":107,"column":45},"end":{"line":107,"column":65}},"71":{"start":{"line":108,"column":4},"end":{"line":108,"column":81}},"72":{"start":{"line":108,"column":47},"end":{"line":108,"column":76}},"73":{"start":{"line":109,"column":4},"end":{"line":109,"column":27}},"74":{"start":{"line":113,"column":4},"end":{"line":113,"column":25}},"75":{"start":{"line":114,"column":4},"end":{"line":133,"column":7}},"76":{"start":{"line":122,"column":8},"end":{"line":122,"column":25}},"77":{"start":{"line":123,"column":8},"end":{"line":123,"column":29}},"78":{"start":{"line":124,"column":8},"end":{"line":124,"column":28}},"79":{"start":{"line":125,"column":8},"end":{"line":125,"column":25}},"80":{"start":{"line":126,"column":8},"end":{"line":126,"column":26}},"81":{"start":{"line":129,"column":8},"end":{"line":129,"column":27}},"82":{"start":{"line":130,"column":8},"end":{"line":130,"column":25}},"83":{"start":{"line":131,"column":8},"end":{"line":131,"column":26}},"84":{"start":{"line":137,"column":20},"end":{"line":137,"column":57}},"85":{"start":{"line":138,"column":4},"end":{"line":140,"column":null}},"86":{"start":{"line":139,"column":6},"end":{"line":139,"column":57}},"87":{"start":{"line":144,"column":4},"end":{"line":144,"column":95}},"88":{"start":{"line":148,"column":4},"end":{"line":148,"column":23}},"89":{"start":{"line":152,"column":4},"end":{"line":152,"column":28}},"90":{"start":{"line":19,"column":13},"end":{"line":154,"column":null}},"91":{"start":{"line":19,"column":13},"end":{"line":19,"column":25}}},"fnMap":{"0":{"name":"(anonymous_0)","decl":{"start":{"line":42,"column":2},"end":{"line":42,"column":22}},"loc":{"start":{"line":43,"column":38},"end":{"line":44,"column":3}}},"1":{"name":"(anonymous_1)","decl":{"start":{"line":26,"column":48},"end":{"line":26,"column":52}},"loc":{"start":{"line":26,"column":56},"end":{"line":26,"column":83}}},"2":{"name":"(anonymous_2)","decl":{"start":{"line":30,"column":32},"end":{"line":30,"column":35}},"loc":{"start":{"line":30,"column":39},"end":{"line":30,"column":76}}},"3":{"name":"(anonymous_3)","decl":{"start":{"line":46,"column":2},"end":{"line":46,"column":10}},"loc":{"start":{"line":46,"column":10},"end":{"line":62,"column":3}}},"4":{"name":"(anonymous_4)","decl":{"start":{"line":58,"column":47},"end":{"line":58,"column":51}},"loc":{"start":{"line":58,"column":55},"end":{"line":58,"column":80}}},"5":{"name":"(anonymous_5)","decl":{"start":{"line":64,"column":2},"end":{"line":64,"column":17}},"loc":{"start":{"line":64,"column":56},"end":{"line":70,"column":3}}},"6":{"name":"(anonymous_6)","decl":{"start":{"line":72,"column":2},"end":{"line":72,"column":13}},"loc":{"start":{"line":72,"column":66},"end":{"line":89,"column":3}}},"7":{"name":"(anonymous_7)","decl":{"start":{"line":79,"column":45},"end":{"line":79,"column":49}},"loc":{"start":{"line":79,"column":53},"end":{"line":79,"column":95}}},"8":{"name":"(anonymous_8)","decl":{"start":{"line":80,"column":53},"end":{"line":80,"column":57}},"loc":{"start":{"line":80,"column":61},"end":{"line":80,"column":89}}},"9":{"name":"(anonymous_9)","decl":{"start":{"line":91,"column":2},"end":{"line":91,"column":17}},"loc":{"start":{"line":91,"column":51},"end":{"line":104,"column":3}}},"10":{"name":"(anonymous_10)","decl":{"start":{"line":94,"column":35},"end":{"line":94,"column":36}},"loc":{"start":{"line":94,"column":47},"end":{"line":94,"column":76}}},"11":{"name":"(anonymous_11)","decl":{"start":{"line":99,"column":58},"end":{"line":99,"column":60}},"loc":{"start":{"line":99,"column":64},"end":{"line":99,"column":102}}},"12":{"name":"(anonymous_12)","decl":{"start":{"line":101,"column":30},"end":{"line":101,"column":32}},"loc":{"start":{"line":101,"column":36},"end":{"line":101,"column":62}}},"13":{"name":"(anonymous_13)","decl":{"start":{"line":102,"column":16},"end":{"line":102,"column":18}},"loc":{"start":{"line":102,"column":22},"end":{"line":102,"column":48}}},"14":{"name":"(anonymous_14)","decl":{"start":{"line":106,"column":2},"end":{"line":106,"column":17}},"loc":{"start":{"line":106,"column":31},"end":{"line":110,"column":3}}},"15":{"name":"(anonymous_15)","decl":{"start":{"line":107,"column":37},"end":{"line":107,"column":41}},"loc":{"start":{"line":107,"column":45},"end":{"line":107,"column":65}}},"16":{"name":"(anonymous_16)","decl":{"start":{"line":108,"column":35},"end":{"line":108,"column":36}},"loc":{"start":{"line":108,"column":47},"end":{"line":108,"column":76}}},"17":{"name":"(anonymous_17)","decl":{"start":{"line":112,"column":2},"end":{"line":112,"column":10}},"loc":{"start":{"line":112,"column":10},"end":{"line":134,"column":3}}},"18":{"name":"(anonymous_18)","decl":{"start":{"line":121,"column":13},"end":{"line":121,"column":16}},"loc":{"start":{"line":121,"column":19},"end":{"line":127,"column":7}}},"19":{"name":"(anonymous_19)","decl":{"start":{"line":128,"column":16},"end":{"line":128,"column":19}},"loc":{"start":{"line":128,"column":21},"end":{"line":132,"column":7}}},"20":{"name":"(anonymous_20)","decl":{"start":{"line":136,"column":2},"end":{"line":136,"column":17}},"loc":{"start":{"line":136,"column":17},"end":{"line":141,"column":3}}},"21":{"name":"(anonymous_21)","decl":{"start":{"line":143,"column":2},"end":{"line":143,"column":14}},"loc":{"start":{"line":143,"column":50},"end":{"line":145,"column":3}}},"22":{"name":"(anonymous_22)","decl":{"start":{"line":147,"column":2},"end":{"line":147,"column":13}},"loc":{"start":{"line":147,"column":31},"end":{"line":149,"column":3}}},"23":{"name":"(anonymous_23)","decl":{"start":{"line":151,"column":2},"end":{"line":151,"column":13}},"loc":{"start":{"line":151,"column":13},"end":{"line":153,"column":3}}}},"branchMap":{"0":{"loc":{"start":{"line":47,"column":53},"end":{"line":47,"column":56}},"type":"binary-expr","locations":[{"start":{"line":47,"column":53},"end":{"line":47,"column":56}},{"start":{"line":47,"column":60},"end":{"line":47,"column":63}}]},"1":{"loc":{"start":{"line":54,"column":4},"end":{"line":59,"column":null}},"type":"if","locations":[{"start":{"line":54,"column":4},"end":{"line":59,"column":null}},{"start":{"line":54,"column":4},"end":{"line":59,"column":null}}]},"2":{"loc":{"start":{"line":65,"column":4},"end":{"line":67,"column":null}},"type":"if","locations":[{"start":{"line":65,"column":4},"end":{"line":67,"column":null}},{"start":{"line":65,"column":4},"end":{"line":67,"column":null}}]},"3":{"loc":{"start":{"line":66,"column":40},"end":{"line":66,"column":78}},"type":"cond-expr","locations":[{"start":{"line":66,"column":40},"end":{"line":66,"column":78}},{"start":{"line":66,"column":81},"end":{"line":66,"column":120}}]},"4":{"loc":{"start":{"line":74,"column":4},"end":{"line":77,"column":null}},"type":"if","locations":[{"start":{"line":74,"column":4},"end":{"line":77,"column":null}},{"start":{"line":74,"column":4},"end":{"line":77,"column":null}}]},"5":{"loc":{"start":{"line":76,"column":8},"end":{"line":76,"column":46}},"type":"cond-expr","locations":[{"start":{"line":76,"column":8},"end":{"line":76,"column":46}},{"start":{"line":76,"column":49},"end":{"line":76,"column":88}}]},"6":{"loc":{"start":{"line":81,"column":53},"end":{"line":81,"column":56}},"type":"binary-expr","locations":[{"start":{"line":81,"column":53},"end":{"line":81,"column":56}},{"start":{"line":81,"column":60},"end":{"line":81,"column":63}}]},"7":{"loc":{"start":{"line":82,"column":32},"end":{"line":82,"column":42}},"type":"cond-expr","locations":[{"start":{"line":82,"column":32},"end":{"line":82,"column":42}},{"start":{"line":82,"column":45},"end":{"line":82,"column":46}}]},"8":{"loc":{"start":{"line":83,"column":4},"end":{"line":87,"column":null}},"type":"if","locations":[{"start":{"line":83,"column":4},"end":{"line":87,"column":null}},{"start":{"line":83,"column":4},"end":{"line":87,"column":null}}]},"9":{"loc":{"start":{"line":94,"column":64},"end":{"line":94,"column":71}},"type":"cond-expr","locations":[{"start":{"line":94,"column":64},"end":{"line":94,"column":71}},{"start":{"line":94,"column":74},"end":{"line":94,"column":75}}]},"10":{"loc":{"start":{"line":98,"column":4},"end":{"line":103,"column":null}},"type":"if","locations":[{"start":{"line":98,"column":4},"end":{"line":103,"column":null}},{"start":{"line":98,"column":4},"end":{"line":103,"column":null}}]},"11":{"loc":{"start":{"line":108,"column":64},"end":{"line":108,"column":71}},"type":"cond-expr","locations":[{"start":{"line":108,"column":64},"end":{"line":108,"column":71}},{"start":{"line":108,"column":74},"end":{"line":108,"column":75}}]},"12":{"loc":{"start":{"line":138,"column":4},"end":{"line":140,"column":null}},"type":"if","locations":[{"start":{"line":138,"column":4},"end":{"line":140,"column":null}},{"start":{"line":138,"column":4},"end":{"line":140,"column":null}}]},"13":{"loc":{"start":{"line":144,"column":13},"end":{"line":144,"column":56}},"type":"cond-expr","locations":[{"start":{"line":144,"column":13},"end":{"line":144,"column":56}},{"start":{"line":144,"column":59},"end":{"line":144,"column":94}}]}},"s":{"0":1,"1":1,"2":1,"3":1,"4":1,"5":1,"6":1,"7":1,"8":1,"9":1,"10":1,"11":1,"12":1,"13":1,"14":1,"15":1,"16":1,"17":219,"18":1,"19":1,"20":1,"21":1,"22":219,"23":1,"24":1,"25":1,"26":1,"27":1,"28":1,"29":0,"30":0,"31":0,"32":0,"33":0,"34":0,"35":0,"36":0,"37":0,"38":0,"39":0,"40":0,"41":0,"42":0,"43":0,"44":0,"45":0,"46":0,"47":0,"48":0,"49":0,"50":0,"51":0,"52":0,"53":0,"54":0,"55":0,"56":0,"57":0,"58":0,"59":0,"60":0,"61":0,"62":0,"63":0,"64":0,"65":0,"66":0,"67":0,"68":0,"69":0,"70":0,"71":0,"72":0,"73":0,"74":0,"75":0,"76":0,"77":0,"78":0,"79":0,"80":0,"81":0,"82":0,"83":0,"84":0,"85":0,"86":0,"87":0,"88":0,"89":0,"90":1,"91":1},"f":{"0":1,"1":219,"2":219,"3":0,"4":0,"5":0,"6":0,"7":0,"8":0,"9":0,"10":0,"11":0,"12":0,"13":0,"14":0,"15":0,"16":0,"17":0,"18":0,"19":0,"20":0,"21":0,"22":0,"23":0},"b":{"0":[0,0],"1":[0,0],"2":[0,0],"3":[0,0],"4":[0,0],"5":[0,0],"6":[0,0],"7":[0,0],"8":[0,0],"9":[0,0],"10":[0,0],"11":[0,0],"12":[0,0],"13":[0,0]}}
,"C:\\Users\\Roman\\work\\angular\\projects\\puffi\\src\\app\\form.service.ts": {"path":"C:\\Users\\Roman\\work\\angular\\projects\\puffi\\src\\app\\form.service.ts","statementMap":{"0":{"start":{"line":1,"column":0},"end":{"line":1,"column":43}},"1":{"start":{"line":2,"column":0},"end":{"line":2,"column":9}},"2":{"start":{"line":8,"column":24},"end":{"line":22,"column":null}},"3":{"start":{"line":9,"column":22},"end":{"line":9,"column":38}},"4":{"start":{"line":13,"column":20},"end":{"line":16,"column":8}},"5":{"start":{"line":18,"column":20},"end":{"line":18,"column":29}},"6":{"start":{"line":19,"column":4},"end":{"line":19,"column":75}},"7":{"start":{"line":8,"column":13},"end":{"line":22,"column":null}},"8":{"start":{"line":8,"column":13},"end":{"line":8,"column":24}}},"fnMap":{"0":{"name":"(anonymous_0)","decl":{"start":{"line":9,"column":2},"end":{"line":9,"column":22}},"loc":{"start":{"line":9,"column":38},"end":{"line":10,"column":3}}},"1":{"name":"(anonymous_1)","decl":{"start":{"line":12,"column":2},"end":{"line":12,"column":11}},"loc":{"start":{"line":12,"column":22},"end":{"line":20,"column":3}}}},"branchMap":{},"s":{"0":1,"1":1,"2":1,"3":1,"4":0,"5":0,"6":0,"7":1,"8":1},"f":{"0":1,"1":0},"b":{}}
,"C:\\Users\\Roman\\work\\angular\\projects\\puffi\\src\\app\\components\\add-shopping-cart\\add-shopping-cart.component.html": {"path":"C:\\Users\\Roman\\work\\angular\\projects\\puffi\\src\\app\\components\\add-shopping-cart\\add-shopping-cart.component.html","statementMap":{"0":{"start":{"line":1,"column":0},"end":{"line":1,"column":1326}}},"fnMap":{},"branchMap":{},"s":{"0":1},"f":{},"b":{},"inputSourceMap":null,"_coverageSchema":"1a1c01bbd47fc00a2c39e90264f33305004495a9","hash":"b2b76d44e555cce82bfce25c7a8ffdb9f141b46a"}
,"C:\\Users\\Roman\\work\\angular\\projects\\puffi\\src\\app\\components\\add-shopping-cart\\add-shopping-cart.component.ts": {"path":"C:\\Users\\Roman\\work\\angular\\projects\\puffi\\src\\app\\components\\add-shopping-cart\\add-shopping-cart.component.ts","statementMap":{"0":{"start":{"line":1,"column":0},"end":{"line":1,"column":82}},"1":{"start":{"line":9,"column":37},"end":{"line":17,"column":null}},"2":{"start":{"line":10,"column":11},"end":{"line":10,"column":37}},"3":{"start":{"line":9,"column":13},"end":{"line":17,"column":null}},"4":{"start":{"line":9,"column":13},"end":{"line":9,"column":37}}},"fnMap":{"0":{"name":"(anonymous_0)","decl":{"start":{"line":12,"column":2},"end":{"line":12,"column":18}},"loc":{"start":{"line":12,"column":2},"end":{"line":12,"column":19}}},"1":{"name":"(anonymous_1)","decl":{"start":{"line":14,"column":2},"end":{"line":14,"column":10}},"loc":{"start":{"line":14,"column":10},"end":{"line":15,"column":3}}}},"branchMap":{},"s":{"0":1,"1":1,"2":1,"3":1,"4":1},"f":{"0":1,"1":0},"b":{}}
,"C:\\Users\\Roman\\work\\angular\\projects\\puffi\\src\\app\\components\\footer\\footer.component.html": {"path":"C:\\Users\\Roman\\work\\angular\\projects\\puffi\\src\\app\\components\\footer\\footer.component.html","statementMap":{"0":{"start":{"line":1,"column":0},"end":{"line":1,"column":1307}}},"fnMap":{},"branchMap":{},"s":{"0":1},"f":{},"b":{},"inputSourceMap":null,"_coverageSchema":"1a1c01bbd47fc00a2c39e90264f33305004495a9","hash":"7e8766df299aef256ff4eae72bd314f6557c2117"}
,"C:\\Users\\Roman\\work\\angular\\projects\\puffi\\src\\app\\components\\footer\\footer.component.ts": {"path":"C:\\Users\\Roman\\work\\angular\\projects\\puffi\\src\\app\\components\\footer\\footer.component.ts","statementMap":{"0":{"start":{"line":1,"column":0},"end":{"line":1,"column":50}},"1":{"start":{"line":8,"column":28},"end":{"line":16,"column":null}},"2":{"start":{"line":8,"column":13},"end":{"line":16,"column":null}},"3":{"start":{"line":8,"column":13},"end":{"line":8,"column":28}}},"fnMap":{"0":{"name":"(anonymous_0)","decl":{"start":{"line":10,"column":2},"end":{"line":10,"column":null}},"loc":{"start":{"line":10,"column":2},"end":{"line":11,"column":3}}},"1":{"name":"(anonymous_1)","decl":{"start":{"line":13,"column":2},"end":{"line":13,"column":10}},"loc":{"start":{"line":13,"column":10},"end":{"line":14,"column":3}}}},"branchMap":{},"s":{"0":1,"1":1,"2":1,"3":1},"f":{"0":1,"1":0},"b":{}}
,"C:\\Users\\Roman\\work\\angular\\projects\\puffi\\src\\app\\core\\global-mocks\\computed-style.ts": {"path":"C:\\Users\\Roman\\work\\angular\\projects\\puffi\\src\\app\\core\\global-mocks\\computed-style.ts","statementMap":{"0":{"start":{"line":1,"column":0},"end":{"line":8,"column":3}},"1":{"start":{"line":3,"column":2},"end":{"line":6,"column":4}}},"fnMap":{"0":{"name":"(anonymous_0)","decl":{"start":{"line":2,"column":8},"end":{"line":2,"column":11}},"loc":{"start":{"line":2,"column":13},"end":{"line":7,"column":2}}}},"branchMap":{},"s":{"0":2,"1":0},"f":{"0":0},"b":{}}
,"C:\\Users\\Roman\\work\\angular\\projects\\puffi\\src\\app\\core\\global-mocks\\doctype.ts": {"path":"C:\\Users\\Roman\\work\\angular\\projects\\puffi\\src\\app\\core\\global-mocks\\doctype.ts","statementMap":{"0":{"start":{"line":1,"column":0},"end":{"line":3,"column":3}}},"fnMap":{},"branchMap":{},"s":{"0":2},"f":{},"b":{}}
,"C:\\Users\\Roman\\work\\angular\\projects\\puffi\\src\\app\\core\\global-mocks\\style-transform.ts": {"path":"C:\\Users\\Roman\\work\\angular\\projects\\puffi\\src\\app\\core\\global-mocks\\style-transform.ts","statementMap":{"0":{"start":{"line":1,"column":0},"end":{"line":1,"column":54}},"1":{"start":{"line":6,"column":0},"end":{"line":13,"column":3}},"2":{"start":{"line":8,"column":2},"end":{"line":11,"column":4}}},"fnMap":{"0":{"name":"(anonymous_0)","decl":{"start":{"line":7,"column":8},"end":{"line":7,"column":11}},"loc":{"start":{"line":7,"column":13},"end":{"line":12,"column":2}}}},"branchMap":{},"s":{"0":2,"1":2,"2":0},"f":{"0":0},"b":{}}
,"C:\\Users\\Roman\\work\\angular\\projects\\puffi\\src\\app\\shared\\services\\data.service.ts": {"path":"C:\\Users\\Roman\\work\\angular\\projects\\puffi\\src\\app\\shared\\services\\data.service.ts","statementMap":{"0":{"start":{"line":1,"column":0},"end":{"line":1,"column":43}},"1":{"start":{"line":7,"column":24},"end":{"line":1357,"column":null}},"2":{"start":{"line":8,"column":2},"end":{"line":8,"column":17}},"3":{"start":{"line":9,"column":2},"end":{"line":19,"column":4}},"4":{"start":{"line":20,"column":2},"end":{"line":1335,"column":7}},"5":{"start":{"line":1341,"column":4},"end":{"line":1341,"column":77}},"6":{"start":{"line":1341,"column":35},"end":{"line":1341,"column":61}},"7":{"start":{"line":1341,"column":73},"end":{"line":1341,"column":75}},"8":{"start":{"line":1346,"column":4},"end":{"line":1346,"column":108}},"9":{"start":{"line":1346,"column":56},"end":{"line":1346,"column":82}},"10":{"start":{"line":1346,"column":94},"end":{"line":1346,"column":96}},"11":{"start":{"line":1350,"column":4},"end":{"line":1355,"column":7}},"12":{"start":{"line":1351,"column":6},"end":{"line":1353,"column":null}},"13":{"start":{"line":1352,"column":8},"end":{"line":1352,"column":55}},"14":{"start":{"line":1354,"column":6},"end":{"line":1354,"column":15}},"15":{"start":{"line":7,"column":13},"end":{"line":1357,"column":null}},"16":{"start":{"line":7,"column":13},"end":{"line":7,"column":24}}},"fnMap":{"0":{"name":"(anonymous_0)","decl":{"start":{"line":1337,"column":2},"end":{"line":1337,"column":null}},"loc":{"start":{"line":1337,"column":2},"end":{"line":1338,"column":3}}},"1":{"name":"(anonymous_1)","decl":{"start":{"line":1340,"column":2},"end":{"line":1340,"column":15}},"loc":{"start":{"line":1340,"column":15},"end":{"line":1342,"column":3}}},"2":{"name":"(anonymous_2)","decl":{"start":{"line":1341,"column":28},"end":{"line":1341,"column":31}},"loc":{"start":{"line":1341,"column":35},"end":{"line":1341,"column":61}}},"3":{"name":"(anonymous_3)","decl":{"start":{"line":1341,"column":67},"end":{"line":1341,"column":69}},"loc":{"start":{"line":1341,"column":73},"end":{"line":1341,"column":75}}},"4":{"name":"(anonymous_4)","decl":{"start":{"line":1344,"column":2},"end":{"line":1344,"column":17}},"loc":{"start":{"line":1344,"column":52},"end":{"line":1347,"column":3}}},"5":{"name":"(anonymous_5)","decl":{"start":{"line":1346,"column":49},"end":{"line":1346,"column":52}},"loc":{"start":{"line":1346,"column":56},"end":{"line":1346,"column":82}}},"6":{"name":"(anonymous_6)","decl":{"start":{"line":1346,"column":88},"end":{"line":1346,"column":90}},"loc":{"start":{"line":1346,"column":94},"end":{"line":1346,"column":96}}},"7":{"name":"(anonymous_7)","decl":{"start":{"line":1349,"column":2},"end":{"line":1349,"column":6}},"loc":{"start":{"line":1349,"column":50},"end":{"line":1356,"column":3}}},"8":{"name":"(anonymous_8)","decl":{"start":{"line":1350,"column":22},"end":{"line":1350,"column":23}},"loc":{"start":{"line":1350,"column":31},"end":{"line":1355,"column":5}}}},"branchMap":{"0":{"loc":{"start":{"line":1351,"column":6},"end":{"line":1353,"column":null}},"type":"if","locations":[{"start":{"line":1351,"column":6},"end":{"line":1353,"column":null}},{"start":{"line":1351,"column":6},"end":{"line":1353,"column":null}}]},"1":{"loc":{"start":{"line":1351,"column":10},"end":{"line":1351,"column":48}},"type":"binary-expr","locations":[{"start":{"line":1351,"column":10},"end":{"line":1351,"column":48}},{"start":{"line":1351,"column":52},"end":{"line":1351,"column":90}}]}},"s":{"0":1,"1":1,"2":1,"3":1,"4":1,"5":0,"6":0,"7":0,"8":0,"9":0,"10":0,"11":0,"12":0,"13":0,"14":0,"15":1,"16":1},"f":{"0":1,"1":0,"2":0,"3":0,"4":0,"5":0,"6":0,"7":0,"8":0},"b":{"0":[0,0],"1":[0,0]}}
}
